<?xml version="1.0" encoding="UTF-8"?>
<!-- Generated by org.testng.reporters.JUnitXMLReporter -->
<testsuite ignored="0" hostname="javier-rrkd" failures="1" tests="1" name="CarritoComprasFirefox" time="102.746" errors="0" timestamp="2025-08-01T17:03:22 GMT-04:00">
  <testcase classname="com.selenium.javier.LoginTest" name="loginCorrecto" time="0.064">
    <failure type="java.lang.NullPointerException" message="Cannot invoke &amp;quot;org.openqa.selenium.support.ui.WebDriverWait.until(java.util.function.Function)&amp;quot; because &amp;quot;this.wait&amp;quot; is null">
      <![CDATA[java.lang.NullPointerException: Cannot invoke "org.openqa.selenium.support.ui.WebDriverWait.until(java.util.function.Function)" because "this.wait" is null
at com.selenium.javier.paginas.LoginPage.enterPassword(LoginPage.java:36)
at com.selenium.javier.LoginTest.loginCorrecto(LoginTest.java:47)
at java.base/java.util.ArrayList.forEach(ArrayList.java:1596)
at java.base/java.util.concurrent.FutureTask.run(FutureTask.java:317)
at java.base/java.util.concurrent.ThreadPoolExecutor.runWorker(ThreadPoolExecutor.java:1144)
at java.base/java.util.concurrent.ThreadPoolExecutor$Worker.run(ThreadPoolExecutor.java:642)
at java.base/java.lang.Thread.run(Thread.java:1583)
... Removed 15 stack frames]]>
    </failure>
  </testcase> <!-- loginCorrecto -->
</testsuite> <!-- CarritoComprasFirefox -->
