<?xml version="1.0" encoding="UTF-8"?>
<testng-results ignored="0" total="1" passed="1" failed="0" skipped="0">
  <reporter-output>
  </reporter-output>
  <suite started-at="2025-08-01T06:16:35 GMT-04:00" name="Suite" finished-at="2025-08-01T06:16:39 GMT-04:00" duration-ms="3520">
    <groups>
    </groups>
    <test started-at="2025-08-01T06:16:35 GMT-04:00" name="CarritoCompras" finished-at="2025-08-01T06:16:39 GMT-04:00" duration-ms="3520">
      <class name="com.selenium.distribuido.CarritoComprasSauce">
        <test-method is-config="true" signature="setup(java.lang.String,java.lang.String)[pri:0, instance:com.selenium.distribuido.CarritoComprasSauce@3eb25e1a]" started-at="2025-08-01T06:16:35 GMT-04:00" name="setup" finished-at="2025-08-01T06:16:38 GMT-04:00" duration-ms="2686" status="PASS">
          <params>
            <param index="0">
              <value>
                <![CDATA[chrome]]>
              </value>
            </param>
            <param index="1">
              <value>
                <![CDATA[http://localhost:4444/wd/hub]]>
              </value>
            </param>
          </params>
          <reporter-output>
          </reporter-output>
        </test-method> <!-- setup -->
        <test-method signature="loginTest()[pri:0, instance:com.selenium.distribuido.CarritoComprasSauce@3eb25e1a]" started-at="2025-08-01T06:16:38 GMT-04:00" name="loginTest" finished-at="2025-08-01T06:16:39 GMT-04:00" duration-ms="600" status="PASS">
          <reporter-output>
          </reporter-output>
        </test-method> <!-- loginTest -->
        <test-method is-config="true" signature="teardown()[pri:0, instance:com.selenium.distribuido.CarritoComprasSauce@3eb25e1a]" started-at="2025-08-01T06:16:39 GMT-04:00" name="teardown" finished-at="2025-08-01T06:16:39 GMT-04:00" duration-ms="146" status="PASS">
          <reporter-output>
          </reporter-output>
        </test-method> <!-- teardown -->
      </class> <!-- com.selenium.distribuido.CarritoComprasSauce -->
    </test> <!-- CarritoCompras -->
  </suite> <!-- Suite -->
</testng-results>
